/home/juk/.local/lib/python3.11/site-packages/pep8.py:110: FutureWarning: Possible nested set at position 1
  EXTRANEOUS_WHITESPACE_REGEX = re.compile(r'[[({] | []}),;:]')
....................F..............................................FF...................sss.....ssssssssssssss...................EF..F....FFFFFFF..F..................................F.F.F........................F.................FF....FF..........
======================================================================
ERROR: test_amenity_ids (test_models.test_place.test_Place.test_amenity_ids)
----------------------------------------------------------------------
Traceback (most recent call last):
  File "/home/juk/DEV/ALX/airbnb_v2/AirBnB_clone_v2/tests/test_models/test_place.py", line 75, in test_amenity_ids
    self.assertEqual(type(new.amenity_ids), list)
                          ^^^^^^^^^^^^^^^
AttributeError: 'Place' object has no attribute 'amenity_ids'

======================================================================
FAIL: test_name2 (test_models.test_amenity.test_Amenity.test_name2)
----------------------------------------------------------------------
Traceback (most recent call last):
  File "/home/juk/DEV/ALX/airbnb_v2/AirBnB_clone_v2/tests/test_models/test_amenity.py", line 24, in test_name2
    self.assertEqual(type(new.name), str)
AssertionError: <class 'NoneType'> != <class 'str'>

======================================================================
FAIL: test_name (test_models.test_city.test_City.test_name)
----------------------------------------------------------------------
Traceback (most recent call last):
  File "/home/juk/DEV/ALX/airbnb_v2/AirBnB_clone_v2/tests/test_models/test_city.py", line 30, in test_name
    self.assertEqual(type(new.name), str)
AssertionError: <class 'NoneType'> != <class 'str'>

======================================================================
FAIL: test_state_id (test_models.test_city.test_City.test_state_id)
----------------------------------------------------------------------
Traceback (most recent call last):
  File "/home/juk/DEV/ALX/airbnb_v2/AirBnB_clone_v2/tests/test_models/test_city.py", line 25, in test_state_id
    self.assertEqual(type(new.state_id), str)
AssertionError: <class 'NoneType'> != <class 'str'>

======================================================================
FAIL: test_city_id (test_models.test_place.test_Place.test_city_id)
----------------------------------------------------------------------
Traceback (most recent call last):
  File "/home/juk/DEV/ALX/airbnb_v2/AirBnB_clone_v2/tests/test_models/test_place.py", line 25, in test_city_id
    self.assertEqual(type(new.city_id), str)
AssertionError: <class 'NoneType'> != <class 'str'>

======================================================================
FAIL: test_description (test_models.test_place.test_Place.test_description)
----------------------------------------------------------------------
Traceback (most recent call last):
  File "/home/juk/DEV/ALX/airbnb_v2/AirBnB_clone_v2/tests/test_models/test_place.py", line 40, in test_description
    self.assertEqual(type(new.description), str)
AssertionError: <class 'NoneType'> != <class 'str'>

======================================================================
FAIL: test_latitude (test_models.test_place.test_Place.test_latitude)
----------------------------------------------------------------------
Traceback (most recent call last):
  File "/home/juk/DEV/ALX/airbnb_v2/AirBnB_clone_v2/tests/test_models/test_place.py", line 65, in test_latitude
    self.assertEqual(type(new.latitude), float)
AssertionError: <class 'NoneType'> != <class 'float'>

======================================================================
FAIL: test_longitude (test_models.test_place.test_Place.test_longitude)
----------------------------------------------------------------------
Traceback (most recent call last):
  File "/home/juk/DEV/ALX/airbnb_v2/AirBnB_clone_v2/tests/test_models/test_place.py", line 70, in test_longitude
    self.assertEqual(type(new.latitude), float)
AssertionError: <class 'NoneType'> != <class 'float'>

======================================================================
FAIL: test_max_guest (test_models.test_place.test_Place.test_max_guest)
----------------------------------------------------------------------
Traceback (most recent call last):
  File "/home/juk/DEV/ALX/airbnb_v2/AirBnB_clone_v2/tests/test_models/test_place.py", line 55, in test_max_guest
    self.assertEqual(type(new.max_guest), int)
AssertionError: <class 'NoneType'> != <class 'int'>

======================================================================
FAIL: test_name (test_models.test_place.test_Place.test_name)
----------------------------------------------------------------------
Traceback (most recent call last):
  File "/home/juk/DEV/ALX/airbnb_v2/AirBnB_clone_v2/tests/test_models/test_place.py", line 35, in test_name
    self.assertEqual(type(new.name), str)
AssertionError: <class 'NoneType'> != <class 'str'>

======================================================================
FAIL: test_number_bathrooms (test_models.test_place.test_Place.test_number_bathrooms)
----------------------------------------------------------------------
Traceback (most recent call last):
  File "/home/juk/DEV/ALX/airbnb_v2/AirBnB_clone_v2/tests/test_models/test_place.py", line 50, in test_number_bathrooms
    self.assertEqual(type(new.number_bathrooms), int)
AssertionError: <class 'NoneType'> != <class 'int'>

======================================================================
FAIL: test_number_rooms (test_models.test_place.test_Place.test_number_rooms)
----------------------------------------------------------------------
Traceback (most recent call last):
  File "/home/juk/DEV/ALX/airbnb_v2/AirBnB_clone_v2/tests/test_models/test_place.py", line 45, in test_number_rooms
    self.assertEqual(type(new.number_rooms), int)
AssertionError: <class 'NoneType'> != <class 'int'>

======================================================================
FAIL: test_price_by_night (test_models.test_place.test_Place.test_price_by_night)
----------------------------------------------------------------------
Traceback (most recent call last):
  File "/home/juk/DEV/ALX/airbnb_v2/AirBnB_clone_v2/tests/test_models/test_place.py", line 60, in test_price_by_night
    self.assertEqual(type(new.price_by_night), int)
AssertionError: <class 'NoneType'> != <class 'int'>

======================================================================
FAIL: test_user_id (test_models.test_place.test_Place.test_user_id)
----------------------------------------------------------------------
Traceback (most recent call last):
  File "/home/juk/DEV/ALX/airbnb_v2/AirBnB_clone_v2/tests/test_models/test_place.py", line 30, in test_user_id
    self.assertEqual(type(new.user_id), str)
AssertionError: <class 'NoneType'> != <class 'str'>

======================================================================
FAIL: test_place_id (test_models.test_review.test_review.test_place_id)
----------------------------------------------------------------------
Traceback (most recent call last):
  File "/home/juk/DEV/ALX/airbnb_v2/AirBnB_clone_v2/tests/test_models/test_review.py", line 25, in test_place_id
    self.assertEqual(type(new.place_id), str)
AssertionError: <class 'NoneType'> != <class 'str'>

======================================================================
FAIL: test_text (test_models.test_review.test_review.test_text)
----------------------------------------------------------------------
Traceback (most recent call last):
  File "/home/juk/DEV/ALX/airbnb_v2/AirBnB_clone_v2/tests/test_models/test_review.py", line 35, in test_text
    self.assertEqual(type(new.text), str)
AssertionError: <class 'NoneType'> != <class 'str'>

======================================================================
FAIL: test_user_id (test_models.test_review.test_review.test_user_id)
----------------------------------------------------------------------
Traceback (most recent call last):
  File "/home/juk/DEV/ALX/airbnb_v2/AirBnB_clone_v2/tests/test_models/test_review.py", line 30, in test_user_id
    self.assertEqual(type(new.user_id), str)
AssertionError: <class 'NoneType'> != <class 'str'>

======================================================================
FAIL: test_name3 (test_models.test_state.test_state.test_name3)
----------------------------------------------------------------------
Traceback (most recent call last):
  File "/home/juk/DEV/ALX/airbnb_v2/AirBnB_clone_v2/tests/test_models/test_state.py", line 25, in test_name3
    self.assertEqual(type(new.name), str)
AssertionError: <class 'NoneType'> != <class 'str'>

======================================================================
FAIL: test_email (test_models.test_user.test_User.test_email)
----------------------------------------------------------------------
Traceback (most recent call last):
  File "/home/juk/DEV/ALX/airbnb_v2/AirBnB_clone_v2/tests/test_models/test_user.py", line 35, in test_email
    self.assertEqual(type(new.email), str)
AssertionError: <class 'NoneType'> != <class 'str'>

======================================================================
FAIL: test_first_name (test_models.test_user.test_User.test_first_name)
----------------------------------------------------------------------
Traceback (most recent call last):
  File "/home/juk/DEV/ALX/airbnb_v2/AirBnB_clone_v2/tests/test_models/test_user.py", line 25, in test_first_name
    self.assertEqual(type(new.first_name), str)
AssertionError: <class 'NoneType'> != <class 'str'>

======================================================================
FAIL: test_last_name (test_models.test_user.test_User.test_last_name)
----------------------------------------------------------------------
Traceback (most recent call last):
  File "/home/juk/DEV/ALX/airbnb_v2/AirBnB_clone_v2/tests/test_models/test_user.py", line 30, in test_last_name
    self.assertEqual(type(new.last_name), str)
AssertionError: <class 'NoneType'> != <class 'str'>

======================================================================
FAIL: test_password (test_models.test_user.test_User.test_password)
----------------------------------------------------------------------
Traceback (most recent call last):
  File "/home/juk/DEV/ALX/airbnb_v2/AirBnB_clone_v2/tests/test_models/test_user.py", line 40, in test_password
    self.assertEqual(type(new.password), str)
AssertionError: <class 'NoneType'> != <class 'str'>

----------------------------------------------------------------------
Ran 247 tests in 0.293s

FAILED (failures=21, errors=1, skipped=17)
